<?xml version="1.0" encoding="UTF-8"?>
<!-- Generated by org.testng.reporters.JUnitReportReporter -->
<testsuite skipped="0" hostname="DESKTOP-EBHED7Q" name="com.xap.pom.Login" tests="1" failures="0" timestamp="05 Oct 2018 17:55:01 GMT" time="0.441" errors="0">
  <testcase name="test" time="0.441" classname="com.xap.pom.Login"/>
</testsuite> <!-- com.xap.pom.Login -->
