<?xml version="1.0" encoding="UTF-8"?>
<!-- Generated by org.testng.reporters.JUnitReportReporter -->
<testsuite skipped="0" hostname="DESKTOP-EBHED7Q" name="com.xap.pom.Login" tests="1" failures="0" timestamp="08 Oct 2018 17:52:56 GMT" time="0.264" errors="0">
  <testcase name="test" time="0.264" classname="com.xap.pom.Login"/>
</testsuite> <!-- com.xap.pom.Login -->
