<?xml version="1.0" encoding="UTF-8"?>
<!-- Generated by org.testng.reporters.JUnitReportReporter -->
<testsuite skipped="0" hostname="DESKTOP-EBHED7Q" name="com.xap.base.Base" tests="1" failures="0" timestamp="30 Sep 2018 11:44:18 GMT" time="0.016" errors="0">
  <testcase name="test" time="0.016" classname="com.xap.base.Base"/>
</testsuite> <!-- com.xap.base.Base -->
