<?xml version="1.0" encoding="UTF-8"?>
<!-- Generated by org.testng.reporters.JUnitReportReporter -->
<testsuite hostname="XAV-101000765" name="com.xap.base.Base" tests="1" failures="0" timestamp="2 Oct 2018 06:44:01 GMT" time="50.180" errors="0">
  <testcase name="test" time="50.180" classname="com.xap.base.Base"/>
</testsuite> <!-- com.xap.base.Base -->
